2025-04-23 14:26:32,310 - INFO - Logger started.
2025-04-23 14:26:32,335 - INFO - [INFO MSG] 1
2025-04-23 14:26:32,335 - INFO - [INFO MSG] Waiting for all devices to connect...

2025-04-23 14:26:33,819 - INFO - [INFO MSG] All devices assigned.

2025-04-23 14:26:33,819 - INFO - [INFO MSG] teensy1 SN: 15724840

2025-04-23 14:26:33,819 - INFO - [INFO MSG] teensy2 SN: 17015970

2025-04-23 14:26:33,819 - INFO - [INFO MSG] teensy3 SN: 17016690

2025-04-23 14:26:33,819 - INFO - [INFO MSG] USB Host Startup Time: 18.03 seconds

2025-04-23 14:26:33,821 - INFO - [INFO MSG] <SYSID : 4 Ready>

2025-04-23 14:27:43,839 - INFO - [INFO MSG] angle1:2.125010

2025-04-23 14:27:43,839 - INFO - [INFO MSG] angle2:1.469254

2025-04-23 14:27:43,839 - INFO - [INFO MSG] offset:1.797132

2025-04-23 14:27:43,839 - INFO - [INFO MSG] angle1:-1.689364

2025-04-23 14:27:43,839 - INFO - [INFO MSG] angle2:-1.053445

2025-04-23 14:27:43,839 - INFO - [INFO MSG] offset:-1.371405

2025-04-23 14:27:43,839 - INFO - [INFO MSG] angle1:2.142176

2025-04-23 14:27:43,839 - INFO - [INFO MSG] angle2:1.488708

2025-04-23 14:27:43,839 - INFO - [INFO MSG] offset:1.815442

2025-04-23 14:27:43,839 - INFO - [INFO MSG] angle1:-1.464293

2025-04-23 14:27:43,839 - INFO - [INFO MSG] angle2:-0.822270

2025-04-23 14:27:43,839 - INFO - [INFO MSG] offset:-1.143282

2025-04-23 14:27:43,839 - INFO - [INFO MSG] angle1:1.596285

2025-04-23 14:27:43,839 - INFO - [INFO MSG] angle2:0.955405

2025-04-23 14:27:43,839 - INFO - [INFO MSG] offset:1.275845

2025-04-23 14:27:43,839 - INFO - [INFO MSG] angle1:-1.678683

2025-04-23 14:27:43,839 - INFO - [INFO MSG] angle2:-1.005379

2025-04-23 14:27:43,839 - INFO - [INFO MSG] offset:-1.342031

