2025-04-30 18:03:53,896 - INFO - Logger started.
2025-04-30 18:03:53,925 - INFO - [INFO MSG] No CrashReport

2025-04-30 18:03:53,925 - INFO - [INFO MSG] Waiting for all devices to connect...

2025-04-30 18:03:55,411 - INFO - [INFO MSG] All devices assigned.

2025-04-30 18:03:55,411 - INFO - [INFO MSG] teensy1 SN: 15724840

2025-04-30 18:03:55,411 - INFO - [INFO MSG] teensy2 SN: 17015970

2025-04-30 18:03:55,411 - INFO - [INFO MSG] teensy3 SN: 17016690

2025-04-30 18:03:55,411 - INFO - [INFO MSG] USB Host Startup Time: 9.92 seconds

2025-04-30 18:03:55,411 - INFO - [INFO MSG] <SYSID : 4 Ready>

2025-04-30 18:03:55,411 - INFO - [INFO MSG] No CrashReport

2025-04-30 18:03:55,411 - INFO - [INFO MSG] <sysID : 3 | Serial Number : 17016690 | AxisL : 5| AxisR : 6>

2025-04-30 18:03:55,411 - INFO - [INFO MSG] No CrashReport

2025-04-30 18:03:55,411 - INFO - [INFO MSG] <sysID : 1 | Serial Number : 15724840 | AxisL : 1| AxisR : 2>

2025-04-30 18:03:55,411 - INFO - [INFO MSG] No CrashReport

2025-04-30 18:03:55,411 - INFO - [INFO MSG] <sysID : 2 | Serial Number : 17015970 | AxisL : 3| AxisR : 4>

2025-04-30 18:04:13,338 - INFO - [INFO MSG] angle1:-0.713168

2025-04-30 18:04:13,338 - INFO - [INFO MSG] angle2:-0.218013

2025-04-30 18:04:13,338 - INFO - [INFO MSG] offset:-0.465590

2025-04-30 18:04:13,338 - INFO - [INFO MSG] angle1:0.662814

2025-04-30 18:04:13,338 - INFO - [INFO MSG] angle2:0.178340

2025-04-30 18:04:13,338 - INFO - [INFO MSG] offset:0.420577

2025-04-30 18:04:13,339 - INFO - [INFO MSG] angle1:-0.723850

2025-04-30 18:04:13,339 - INFO - [INFO MSG] angle2:-0.224117

2025-04-30 18:04:13,339 - INFO - [INFO MSG] offset:-0.473984

2025-04-30 18:04:13,339 - INFO - [INFO MSG] angle1:0.447661

2025-04-30 18:04:13,339 - INFO - [INFO MSG] angle2:-0.038720

2025-04-30 18:04:13,339 - INFO - [INFO MSG] offset:0.204471

2025-04-30 18:04:13,339 - INFO - [INFO MSG] angle1:-0.560960

2025-04-30 18:04:13,339 - INFO - [INFO MSG] angle2:-0.062753

2025-04-30 18:04:13,339 - INFO - [INFO MSG] offset:-0.311856

2025-04-30 18:04:13,339 - INFO - [INFO MSG] angle1:1.000420

2025-04-30 18:04:13,339 - INFO - [INFO MSG] angle2:0.862707

2025-04-30 18:04:13,339 - INFO - [INFO MSG] offset:0.931563

