2025-05-01 10:12:07,877 - INFO - Logger started.
2025-05-01 10:12:07,897 - INFO - [INFO MSG] No CrashReport

2025-05-01 10:12:07,897 - INFO - [INFO MSG] Waiting for all devices to connect...

2025-05-01 10:12:13,096 - INFO - [INFO MSG] All devices assigned.

2025-05-01 10:12:13,096 - INFO - [INFO MSG] teensy1 SN: 15724840

2025-05-01 10:12:13,096 - INFO - [INFO MSG] teensy2 SN: 17015970

2025-05-01 10:12:13,096 - INFO - [INFO MSG] teensy3 SN: 17016690

2025-05-01 10:12:13,096 - INFO - [INFO MSG] USB Host Startup Time: 53.45 seconds

2025-05-01 10:12:13,096 - INFO - [INFO MSG] <SYSID : 4 Ready>

2025-05-01 10:12:13,096 - INFO - [INFO MSG] No CrashReport

2025-05-01 10:12:13,096 - INFO - [INFO MSG] <sysID : 3 | Serial Number : 17016690 | AxisL : 5| AxisR : 6>

2025-05-01 10:12:13,096 - INFO - [INFO MSG] No CrashReport

2025-05-01 10:12:13,096 - INFO - [INFO MSG] <sysID : 1 | Serial Number : 15724840 | AxisL : 1| AxisR : 2>

2025-05-01 10:12:13,096 - INFO - [INFO MSG] No CrashReport

2025-05-01 10:12:13,096 - INFO - [INFO MSG] <sysID : 2 | Serial Number : 17015970 | AxisL : 3| AxisR : 4>

2025-05-01 10:12:19,754 - INFO - [INFO MSG] AUTO: OFF

2025-05-01 10:12:40,834 - INFO - [INFO MSG] angle1:-1.226254

2025-05-01 10:12:40,834 - INFO - [INFO MSG] angle2:-1.103037

2025-05-01 10:12:40,834 - INFO - [INFO MSG] offset:-1.164645

2025-05-01 10:12:40,834 - INFO - [INFO MSG] angle1:1.189631

2025-05-01 10:12:40,834 - INFO - [INFO MSG] angle2:1.079003

2025-05-01 10:12:40,834 - INFO - [INFO MSG] offset:1.134317

2025-05-01 10:12:40,835 - INFO - [INFO MSG] angle1:-1.067941

2025-05-01 10:12:40,835 - INFO - [INFO MSG] angle2:-0.957313

2025-05-01 10:12:40,835 - INFO - [INFO MSG] offset:-1.012627

2025-05-01 10:12:40,835 - INFO - [INFO MSG] angle1:0.997368

2025-05-01 10:12:40,835 - INFO - [INFO MSG] angle2:0.869955

2025-05-01 10:12:40,835 - INFO - [INFO MSG] offset:0.933661

2025-05-01 10:12:40,835 - INFO - [INFO MSG] angle1:-1.237316

2025-05-01 10:12:40,835 - INFO - [INFO MSG] angle2:-1.116770

2025-05-01 10:12:40,835 - INFO - [INFO MSG] offset:-1.177043

2025-05-01 10:12:40,835 - INFO - [INFO MSG] angle1:0.959601

2025-05-01 10:12:40,835 - INFO - [INFO MSG] angle2:0.849737

2025-05-01 10:12:40,835 - INFO - [INFO MSG] offset:0.904669

