2025-04-23 14:41:17,290 - INFO - Logger started.
2025-04-23 14:41:17,317 - INFO - [INFO MSG] No CrashReport

2025-04-23 14:41:17,317 - INFO - [INFO MSG] Waiting for all devices to connect...

2025-04-23 14:41:18,804 - INFO - [INFO MSG] All devices assigned.

2025-04-23 14:41:18,804 - INFO - [INFO MSG] teensy1 SN: 15724840

2025-04-23 14:41:18,804 - INFO - [INFO MSG] teensy2 SN: 17015970

2025-04-23 14:41:18,804 - INFO - [INFO MSG] teensy3 SN: 17016690

2025-04-23 14:41:18,804 - INFO - [INFO MSG] USB Host Startup Time: 10.37 seconds

2025-04-23 14:41:18,804 - INFO - [INFO MSG] <SYSID : 4 Ready>

2025-04-23 14:41:18,805 - INFO - [INFO MSG] No CrashReport

2025-04-23 14:41:18,805 - INFO - [INFO MSG] <sysID : 3 | Serial Number : 17016690 | AxisL : 5| AxisR : 6>

2025-04-23 14:41:18,805 - INFO - [INFO MSG] No CrashReport

2025-04-23 14:41:18,805 - INFO - [INFO MSG] <sysID : 1 | Serial Number : 15724840 | AxisL : 1| AxisR : 2>

2025-04-23 14:41:18,805 - INFO - [INFO MSG] No CrashReport

2025-04-23 14:41:18,805 - INFO - [INFO MSG] <sysID : 2 | Serial Number : 17015970 | AxisL : 3| AxisR : 4>

2025-04-23 14:41:33,307 - INFO - [INFO MSG] AUTO: OFF

2025-04-23 14:41:50,162 - INFO - [INFO MSG] angle1:2.125391

2025-04-23 14:41:50,162 - INFO - [INFO MSG] angle2:1.469635

2025-04-23 14:41:50,162 - INFO - [INFO MSG] offset:1.797513

2025-04-23 14:41:50,162 - INFO - [INFO MSG] angle1:-1.688983

2025-04-23 14:41:50,162 - INFO - [INFO MSG] angle2:-1.053063

2025-04-23 14:41:50,162 - INFO - [INFO MSG] offset:-1.371023

2025-04-23 14:41:50,162 - INFO - [INFO MSG] angle1:2.142176

2025-04-23 14:41:50,162 - INFO - [INFO MSG] angle2:1.490234

2025-04-23 14:41:50,162 - INFO - [INFO MSG] offset:1.816205

2025-04-23 14:41:50,162 - INFO - [INFO MSG] angle1:-2.163157

2025-04-23 14:41:50,162 - INFO - [INFO MSG] angle2:-1.519989

2025-04-23 14:41:50,162 - INFO - [INFO MSG] offset:-1.841573

2025-04-23 14:41:50,163 - INFO - [INFO MSG] angle1:2.293622

2025-04-23 14:41:50,163 - INFO - [INFO MSG] angle2:1.653505

2025-04-23 14:41:50,163 - INFO - [INFO MSG] offset:1.973564

2025-04-23 14:41:50,163 - INFO - [INFO MSG] angle1:-2.377546

2025-04-23 14:41:50,163 - INFO - [INFO MSG] angle2:-1.702334

2025-04-23 14:41:50,163 - INFO - [INFO MSG] offset:-2.039940

