2025-04-30 17:30:02,211 - INFO - Logger started.
2025-04-30 17:30:02,249 - INFO - [INFO MSG] No CrashReport

2025-04-30 17:30:02,249 - INFO - [INFO MSG] Waiting for all devices to connect...

2025-04-30 17:30:03,735 - INFO - [INFO MSG] All devices assigned.

2025-04-30 17:30:03,735 - INFO - [INFO MSG] teensy1 SN: 15724840

2025-04-30 17:30:03,735 - INFO - [INFO MSG] teensy2 SN: 17015970

2025-04-30 17:30:03,735 - INFO - [INFO MSG] teensy3 SN: 17016690

2025-04-30 17:30:03,735 - INFO - [INFO MSG] USB Host Startup Time: 6.14 seconds

2025-04-30 17:30:03,735 - INFO - [INFO MSG] <SYSID : 4 Ready>

2025-04-30 17:30:03,741 - INFO - [INFO MSG] No CrashReport

2025-04-30 17:30:03,741 - INFO - [INFO MSG] <sysID : 3 | Serial Number : 17016690 | AxisL : 5| AxisR : 6>

2025-04-30 17:30:03,741 - INFO - [INFO MSG] No CrashReport

2025-04-30 17:30:03,741 - INFO - [INFO MSG] <sysID : 1 | Serial Number : 15724840 | AxisL : 1| AxisR : 2>

2025-04-30 17:30:03,741 - INFO - [INFO MSG] No CrashReport

2025-04-30 17:30:03,741 - INFO - [INFO MSG] <sysID : 2 | Serial Number : 17015970 | AxisL : 3| AxisR : 4>

2025-04-30 17:30:42,976 - INFO - [INFO MSG] No CrashReport

2025-04-30 17:30:42,976 - INFO - [INFO MSG] <sysID : 3 | Serial Number : 17016690 | AxisL : 5| AxisR : 6>

2025-04-30 17:30:43,041 - INFO - [INFO MSG] No CrashReport

2025-04-30 17:30:43,041 - INFO - [INFO MSG] <sysID : 1 | Serial Number : 15724840 | AxisL : 1| AxisR : 2>

2025-04-30 17:30:43,106 - INFO - [INFO MSG] No CrashReport

2025-04-30 17:30:43,106 - INFO - [INFO MSG] <sysID : 2 | Serial Number : 17015970 | AxisL : 3| AxisR : 4>

