2025-04-30 17:44:19,209 - INFO - Logger started.
2025-04-30 17:44:19,235 - INFO - [INFO MSG] No CrashReport

2025-04-30 17:44:19,235 - INFO - [INFO MSG] Waiting for all devices to connect...

2025-04-30 17:44:20,722 - INFO - [INFO MSG] All devices assigned.

2025-04-30 17:44:20,722 - INFO - [INFO MSG] teensy1 SN: 15724840

2025-04-30 17:44:20,722 - INFO - [INFO MSG] teensy2 SN: 17015970

2025-04-30 17:44:20,722 - INFO - [INFO MSG] teensy3 SN: 17016690

2025-04-30 17:44:20,722 - INFO - [INFO MSG] USB Host Startup Time: 35.29 seconds

2025-04-30 17:44:20,722 - INFO - [INFO MSG] <SYSID : 4 Ready>

2025-04-30 17:44:20,723 - INFO - [INFO MSG] No CrashReport

2025-04-30 17:44:20,725 - INFO - [INFO MSG] <sysID : 3 | Serial Number : 17016690 | AxisL : 5| AxisR : 6>

2025-04-30 17:44:20,725 - INFO - [INFO MSG] No CrashReport

2025-04-30 17:44:20,725 - INFO - [INFO MSG] <sysID : 1 | Serial Number : 15724840 | AxisL : 1| AxisR : 2>

2025-04-30 17:44:20,725 - INFO - [INFO MSG] No CrashReport

2025-04-30 17:44:20,725 - INFO - [INFO MSG] <sysID : 2 | Serial Number : 17015970 | AxisL : 3| AxisR : 4>

2025-04-30 17:44:40,861 - INFO - [INFO MSG] angle1:0.637255

2025-04-30 17:44:40,861 - INFO - [INFO MSG] angle2:0.136759

2025-04-30 17:44:40,861 - INFO - [INFO MSG] offset:0.387007

2025-04-30 17:44:40,861 - INFO - [INFO MSG] angle1:-0.527008

2025-04-30 17:44:40,861 - INFO - [INFO MSG] angle2:-0.389296

2025-04-30 17:44:40,861 - INFO - [INFO MSG] offset:-0.458152

2025-04-30 17:44:40,862 - INFO - [INFO MSG] angle1:0.481232

2025-04-30 17:44:40,862 - INFO - [INFO MSG] angle2:-0.016975

2025-04-30 17:44:40,862 - INFO - [INFO MSG] offset:0.232128

2025-04-30 17:44:40,862 - INFO - [INFO MSG] angle1:-0.521667

2025-04-30 17:44:40,862 - INFO - [INFO MSG] angle2:-0.033380

2025-04-30 17:44:40,862 - INFO - [INFO MSG] offset:-0.277524

2025-04-30 17:44:40,862 - INFO - [INFO MSG] angle1:1.173228

2025-04-30 17:44:40,862 - INFO - [INFO MSG] angle2:0.671206

2025-04-30 17:44:40,862 - INFO - [INFO MSG] offset:0.922217

2025-04-30 17:44:40,862 - INFO - [INFO MSG] angle1:-0.738346

2025-04-30 17:44:40,862 - INFO - [INFO MSG] angle2:-0.249676

2025-04-30 17:44:40,862 - INFO - [INFO MSG] offset:-0.494011

