2025-04-30 17:48:42,107 - INFO - Logger started.
2025-04-30 17:48:42,125 - INFO - [INFO MSG] 1
2025-04-30 17:48:42,125 - INFO - [INFO MSG] Waiting for all devices to connect...

2025-04-30 17:48:43,612 - INFO - [INFO MSG] All devices assigned.

2025-04-30 17:48:43,612 - INFO - [INFO MSG] teensy1 SN: 15724840

2025-04-30 17:48:43,612 - INFO - [INFO MSG] teensy2 SN: 17015970

2025-04-30 17:48:43,612 - INFO - [INFO MSG] teensy3 SN: 17016690

2025-04-30 17:48:43,612 - INFO - [INFO MSG] USB Host Startup Time: 4.55 seconds

2025-04-30 17:48:43,612 - INFO - [INFO MSG] <SYSID : 4 Ready>

2025-04-30 17:48:43,614 - INFO - [INFO MSG] No CrashReport

2025-04-30 17:48:43,614 - INFO - [INFO MSG] <sysID : 3 | Serial Number : 17016690 | AxisL : 5| AxisR : 6>

2025-04-30 17:48:43,614 - INFO - [INFO MSG] No CrashReport

2025-04-30 17:48:43,614 - INFO - [INFO MSG] <sysID : 1 | Serial Number : 15724840 | AxisL : 1| AxisR : 2>

2025-04-30 17:48:43,614 - INFO - [INFO MSG] No CrashReport

2025-04-30 17:48:43,614 - INFO - [INFO MSG] <sysID : 2 | Serial Number : 17015970 | AxisL : 3| AxisR : 4>

2025-04-30 17:49:07,570 - INFO - [INFO MSG] angle1:-0.069238

2025-04-30 17:49:07,570 - INFO - [INFO MSG] angle2:-0.069238

2025-04-30 17:49:07,570 - INFO - [INFO MSG] offset:-0.069238

2025-04-30 17:49:07,570 - INFO - [INFO MSG] angle1:0.663959

2025-04-30 17:49:07,570 - INFO - [INFO MSG] angle2:0.176814

2025-04-30 17:49:07,570 - INFO - [INFO MSG] offset:0.420386

2025-04-30 17:49:07,570 - INFO - [INFO MSG] angle1:-0.562104

2025-04-30 17:49:07,570 - INFO - [INFO MSG] angle2:-0.060845

2025-04-30 17:49:07,570 - INFO - [INFO MSG] offset:-0.311475

2025-04-30 17:49:07,570 - INFO - [INFO MSG] angle1:1.008430

2025-04-30 17:49:07,570 - INFO - [INFO MSG] angle2:0.869574

2025-04-30 17:49:07,570 - INFO - [INFO MSG] offset:0.939002

2025-04-30 17:49:07,570 - INFO - [INFO MSG] angle1:-0.725376

2025-04-30 17:49:07,570 - INFO - [INFO MSG] angle2:-0.222973

2025-04-30 17:49:07,570 - INFO - [INFO MSG] offset:-0.474174

2025-04-30 17:49:07,570 - INFO - [INFO MSG] angle1:0.449187

2025-04-30 17:49:07,570 - INFO - [INFO MSG] angle2:-0.039865

2025-04-30 17:49:07,570 - INFO - [INFO MSG] offset:0.204661

