2025-04-30 17:56:47,651 - INFO - Logger started.
2025-04-30 17:56:47,678 - INFO - [INFO MSG] No CrashReport

2025-04-30 17:56:47,678 - INFO - [INFO MSG] Waiting for all devices to connect...

2025-04-30 17:56:49,165 - INFO - [INFO MSG] All devices assigned.

2025-04-30 17:56:49,166 - INFO - [INFO MSG] teensy1 SN: 15724840

2025-04-30 17:56:49,166 - INFO - [INFO MSG] teensy2 SN: 17015970

2025-04-30 17:56:49,166 - INFO - [INFO MSG] teensy3 SN: 17016690

2025-04-30 17:56:49,166 - INFO - [INFO MSG] USB Host Startup Time: 3.71 seconds

2025-04-30 17:56:49,166 - INFO - [INFO MSG] <SYSID : 4 Ready>

2025-04-30 17:56:49,167 - INFO - [INFO MSG] No CrashReport

2025-04-30 17:56:49,167 - INFO - [INFO MSG] <sysID : 3 | Serial Number : 17016690 | AxisL : 5| AxisR : 6>

2025-04-30 17:56:49,167 - INFO - [INFO MSG] No CrashReport

2025-04-30 17:56:49,167 - INFO - [INFO MSG] <sysID : 1 | Serial Number : 15724840 | AxisL : 1| AxisR : 2>

2025-04-30 17:56:49,167 - INFO - [INFO MSG] No CrashReport

2025-04-30 17:56:49,167 - INFO - [INFO MSG] <sysID : 2 | Serial Number : 17015970 | AxisL : 3| AxisR : 4>

2025-04-30 17:57:21,159 - INFO - [INFO MSG] angle1:-0.560578

2025-04-30 17:57:21,159 - INFO - [INFO MSG] angle2:-0.062371

2025-04-30 17:57:21,159 - INFO - [INFO MSG] offset:-0.311475

2025-04-30 17:57:21,159 - INFO - [INFO MSG] angle1:0.301938

2025-04-30 17:57:21,159 - INFO - [INFO MSG] angle2:0.164226

2025-04-30 17:57:21,159 - INFO - [INFO MSG] offset:0.233082

2025-04-30 17:57:21,159 - INFO - [INFO MSG] angle1:-0.723850

2025-04-30 17:57:21,159 - INFO - [INFO MSG] angle2:-0.224499

2025-04-30 17:57:21,159 - INFO - [INFO MSG] offset:-0.474174

2025-04-30 17:57:21,159 - INFO - [INFO MSG] angle1:0.447661

2025-04-30 17:57:21,159 - INFO - [INFO MSG] angle2:-0.038720

2025-04-30 17:57:21,159 - INFO - [INFO MSG] offset:0.204471

2025-04-30 17:57:21,160 - INFO - [INFO MSG] angle1:-0.712787

2025-04-30 17:57:21,160 - INFO - [INFO MSG] angle2:-0.217631

2025-04-30 17:57:21,160 - INFO - [INFO MSG] offset:-0.465209

2025-04-30 17:57:21,160 - INFO - [INFO MSG] angle1:-0.035287

2025-04-30 17:57:21,160 - INFO - [INFO MSG] angle2:-0.520142

2025-04-30 17:57:21,160 - INFO - [INFO MSG] offset:-0.277714

