2025-04-05 21:14:07,059 - INFO - Logger started.
2025-04-05 21:14:07,090 - INFO - [INFO MSG] No CrashReport

2025-04-05 21:14:07,090 - INFO - [INFO MSG] Waiting for all devices to connect...

2025-04-05 21:14:08,673 - INFO - [INFO MSG] All devices assigned.

2025-04-05 21:14:08,673 - INFO - [INFO MSG] teensy1 SN: 15724840

2025-04-05 21:14:08,673 - INFO - [INFO MSG] teensy2 SN: 17016000

2025-04-05 21:14:08,673 - INFO - [INFO MSG] teensy3 SN: 17017360

2025-04-05 21:14:08,673 - INFO - [INFO MSG] USB Host Startup Time: 33.48 seconds

2025-04-05 21:14:08,673 - INFO - [INFO MSG] <SYSID : 4 Ready>

2025-04-05 21:14:08,673 - INFO - [INFO MSG] No CrashReport

2025-04-05 21:14:08,673 - INFO - [INFO MSG] <sysID : 3 | Serial Number : 17017360 | AxisL : 5| AxisR : 6>

2025-04-05 21:14:08,673 - INFO - [INFO MSG] No CrashReport

2025-04-05 21:14:08,673 - INFO - [INFO MSG] <sysID : 2 | Serial Number : 17016000 | AxisL : 3| AxisR : 4>

2025-04-05 21:14:08,673 - INFO - [INFO MSG] No CrashReport

2025-04-05 21:14:08,673 - INFO - [INFO MSG] <sysID : 1 | Serial Number : 15724840 | AxisL : 1| AxisR : 2>

2025-04-05 21:14:08,673 - INFO - [INFO MSG] STACK:  332.92 KB /  512 KB ( 65.02%)

2025-04-05 21:14:08,673 - INFO - [INFO MSG] HEAP :  344.00 KB /  512 KB ( 67.19%)

2025-04-05 21:14:08,673 - INFO - [INFO MSG] STACK:  316.12 KB /  512 KB ( 61.74%)

2025-04-05 21:14:08,673 - INFO - [INFO MSG] HEAP :   16.00 KB /  512 KB (  3.12%)

2025-04-05 21:14:08,673 - INFO - [INFO MSG] STACK:  316.12 KB /  512 KB ( 61.74%)

2025-04-05 21:14:08,673 - INFO - [INFO MSG] HEAP :   16.00 KB /  512 KB (  3.12%)

2025-04-05 21:14:08,673 - INFO - [INFO MSG] STACK:  316.12 KB /  512 KB ( 61.74%)

2025-04-05 21:14:08,673 - INFO - [INFO MSG] HEAP :   16.00 KB /  512 KB (  3.12%)

2025-04-05 21:14:09,127 - INFO - [INFO MSG] STACK:  316.12 KB /  512 KB ( 61.74%)

2025-04-05 21:14:09,127 - INFO - [INFO MSG] HEAP :   16.00 KB /  512 KB (  3.12%)

2025-04-05 21:14:09,128 - INFO - [INFO MSG] STACK:  316.12 KB /  512 KB ( 61.74%)

2025-04-05 21:14:09,128 - INFO - [INFO MSG] HEAP :   16.00 KB /  512 KB (  3.12%)

2025-04-05 21:14:09,128 - INFO - [INFO MSG] STACK:  316.12 KB /  512 KB ( 61.74%)

2025-04-05 21:14:09,128 - INFO - [INFO MSG] HEAP :   16.00 KB /  512 KB (  3.12%)

2025-04-05 21:14:09,672 - INFO - [INFO MSG] STACK:  332.92 KB /  512 KB ( 65.02%)

2025-04-05 21:14:09,672 - INFO - [INFO MSG] HEAP :  344.00 KB /  512 KB ( 67.19%)

2025-04-05 21:14:10,128 - INFO - [INFO MSG] STACK:  316.12 KB /  512 KB ( 61.74%)

2025-04-05 21:14:10,128 - INFO - [INFO MSG] HEAP :   16.00 KB /  512 KB (  3.12%)

2025-04-05 21:14:10,128 - INFO - [INFO MSG] STACK:  316.12 KB /  512 KB ( 61.74%)

2025-04-05 21:14:10,128 - INFO - [INFO MSG] HEAP :   16.00 KB /  512 KB (  3.12%)

2025-04-05 21:14:10,128 - INFO - [INFO MSG] STACK:  316.12 KB /  512 KB ( 61.74%)

2025-04-05 21:14:10,128 - INFO - [INFO MSG] HEAP :   16.00 KB /  512 KB (  3.12%)

2025-04-05 21:14:10,673 - INFO - [INFO MSG] STACK:  332.92 KB /  512 KB ( 65.02%)

2025-04-05 21:14:10,673 - INFO - [INFO MSG] HEAP :  344.00 KB /  512 KB ( 67.19%)

2025-04-05 21:14:11,127 - INFO - [INFO MSG] STACK:  316.12 KB /  512 KB ( 61.74%)

2025-04-05 21:14:11,127 - INFO - [INFO MSG] HEAP :   16.00 KB /  512 KB (  3.12%)

2025-04-05 21:14:11,128 - INFO - [INFO MSG] STACK:  316.12 KB /  512 KB ( 61.74%)

2025-04-05 21:14:11,128 - INFO - [INFO MSG] HEAP :   16.00 KB /  512 KB (  3.12%)

2025-04-05 21:14:11,128 - INFO - [INFO MSG] STACK:  316.12 KB /  512 KB ( 61.74%)

2025-04-05 21:14:11,128 - INFO - [INFO MSG] HEAP :   16.00 KB /  512 KB (  3.12%)

2025-04-05 21:14:11,672 - INFO - [INFO MSG] STACK:  332.92 KB /  512 KB ( 65.02%)

2025-04-05 21:14:11,672 - INFO - [INFO MSG] HEAP :  344.00 KB /  512 KB ( 67.19%)

2025-04-05 21:14:12,127 - INFO - [INFO MSG] STACK:  316.12 KB /  512 KB ( 61.74%)

2025-04-05 21:14:12,127 - INFO - [INFO MSG] HEAP :   16.00 KB /  512 KB (  3.12%)

2025-04-05 21:14:12,127 - INFO - [INFO MSG] STACK:  316.12 KB /  512 KB ( 61.74%)

2025-04-05 21:14:12,127 - INFO - [INFO MSG] HEAP :   16.00 KB /  512 KB (  3.12%)

2025-04-05 21:14:12,128 - INFO - [INFO MSG] STACK:  316.12 KB /  512 KB ( 61.74%)

2025-04-05 21:14:12,128 - INFO - [INFO MSG] HEAP :   16.00 KB /  512 KB (  3.12%)

2025-04-05 21:14:12,672 - INFO - [INFO MSG] STACK:  332.92 KB /  512 KB ( 65.02%)

2025-04-05 21:14:12,672 - INFO - [INFO MSG] HEAP :  344.00 KB /  512 KB ( 67.19%)

2025-04-05 21:14:13,127 - INFO - [INFO MSG] STACK:  316.12 KB /  512 KB ( 61.74%)

2025-04-05 21:14:13,127 - INFO - [INFO MSG] HEAP :   16.00 KB /  512 KB (  3.12%)

2025-04-05 21:14:13,127 - INFO - [INFO MSG] STACK:  316.12 KB /  512 KB ( 61.74%)

2025-04-05 21:14:13,127 - INFO - [INFO MSG] HEAP :   16.00 KB /  512 KB (  3.12%)

2025-04-05 21:14:13,127 - INFO - [INFO MSG] STACK:  316.12 KB /  512 KB ( 61.74%)

2025-04-05 21:14:13,127 - INFO - [INFO MSG] HEAP :   16.00 KB /  512 KB (  3.12%)

2025-04-05 21:14:13,672 - INFO - [INFO MSG] STACK:  332.92 KB /  512 KB ( 65.02%)

2025-04-05 21:14:13,672 - INFO - [INFO MSG] HEAP :  344.00 KB /  512 KB ( 67.19%)

2025-04-05 21:14:14,127 - INFO - [INFO MSG] STACK:  316.12 KB /  512 KB ( 61.74%)

2025-04-05 21:14:14,127 - INFO - [INFO MSG] HEAP :   16.00 KB /  512 KB (  3.12%)

2025-04-05 21:14:14,128 - INFO - [INFO MSG] STACK:  316.12 KB /  512 KB ( 61.74%)

2025-04-05 21:14:14,128 - INFO - [INFO MSG] HEAP :   16.00 KB /  512 KB (  3.12%)

2025-04-05 21:14:14,128 - INFO - [INFO MSG] STACK:  316.12 KB /  512 KB ( 61.74%)

2025-04-05 21:14:14,128 - INFO - [INFO MSG] HEAP :   16.00 KB /  512 KB (  3.12%)

2025-04-05 21:14:14,672 - INFO - [INFO MSG] STACK:  332.92 KB /  512 KB ( 65.02%)

2025-04-05 21:14:14,672 - INFO - [INFO MSG] HEAP :  344.00 KB /  512 KB ( 67.19%)

2025-04-05 21:14:15,127 - INFO - [INFO MSG] STACK:  316.12 KB /  512 KB ( 61.74%)

2025-04-05 21:14:15,127 - INFO - [INFO MSG] HEAP :   16.00 KB /  512 KB (  3.12%)

2025-04-05 21:14:15,127 - INFO - [INFO MSG] STACK:  316.12 KB /  512 KB ( 61.74%)

2025-04-05 21:14:15,127 - INFO - [INFO MSG] HEAP :   16.00 KB /  512 KB (  3.12%)

2025-04-05 21:14:15,127 - INFO - [INFO MSG] STACK:  316.12 KB /  512 KB ( 61.74%)

2025-04-05 21:14:15,127 - INFO - [INFO MSG] HEAP :   16.00 KB /  512 KB (  3.12%)

2025-04-05 21:14:15,673 - INFO - [INFO MSG] STACK:  332.92 KB /  512 KB ( 65.02%)

2025-04-05 21:14:15,673 - INFO - [INFO MSG] HEAP :  344.00 KB /  512 KB ( 67.19%)

2025-04-05 21:14:16,127 - INFO - [INFO MSG] STACK:  316.12 KB /  512 KB ( 61.74%)

2025-04-05 21:14:16,127 - INFO - [INFO MSG] HEAP :   16.00 KB /  512 KB (  3.12%)

2025-04-05 21:14:16,127 - INFO - [INFO MSG] STACK:  316.12 KB /  512 KB ( 61.74%)

2025-04-05 21:14:16,127 - INFO - [INFO MSG] HEAP :   16.00 KB /  512 KB (  3.12%)

2025-04-05 21:14:16,128 - INFO - [INFO MSG] STACK:  316.12 KB /  512 KB ( 61.74%)

2025-04-05 21:14:16,128 - INFO - [INFO MSG] HEAP :   16.00 KB /  512 KB (  3.12%)

2025-04-05 21:14:16,673 - INFO - [INFO MSG] STACK:  332.92 KB /  512 KB ( 65.02%)

2025-04-05 21:14:16,673 - INFO - [INFO MSG] HEAP :  344.00 KB /  512 KB ( 67.19%)

2025-04-05 21:14:17,127 - INFO - [INFO MSG] STACK:  316.12 KB /  512 KB ( 61.74%)

2025-04-05 21:14:17,127 - INFO - [INFO MSG] HEAP :   16.00 KB /  512 KB (  3.12%)

2025-04-05 21:14:17,127 - INFO - [INFO MSG] STACK:  316.12 KB /  512 KB ( 61.74%)

2025-04-05 21:14:17,127 - INFO - [INFO MSG] HEAP :   16.00 KB /  512 KB (  3.12%)

2025-04-05 21:14:17,128 - INFO - [INFO MSG] STACK:  316.12 KB /  512 KB ( 61.74%)

2025-04-05 21:14:17,128 - INFO - [INFO MSG] HEAP :   16.00 KB /  512 KB (  3.12%)

2025-04-05 21:14:17,672 - INFO - [INFO MSG] STACK:  332.92 KB /  512 KB ( 65.02%)

2025-04-05 21:14:17,672 - INFO - [INFO MSG] HEAP :  344.00 KB /  512 KB ( 67.19%)

2025-04-05 21:14:18,127 - INFO - [INFO MSG] STACK:  316.12 KB /  512 KB ( 61.74%)

2025-04-05 21:14:18,127 - INFO - [INFO MSG] HEAP :   16.00 KB /  512 KB (  3.12%)

2025-04-05 21:14:18,127 - INFO - [INFO MSG] STACK:  316.12 KB /  512 KB ( 61.74%)

2025-04-05 21:14:18,127 - INFO - [INFO MSG] HEAP :   16.00 KB /  512 KB (  3.12%)

2025-04-05 21:14:18,128 - INFO - [INFO MSG] STACK:  316.12 KB /  512 KB ( 61.74%)

2025-04-05 21:14:18,128 - INFO - [INFO MSG] HEAP :   16.00 KB /  512 KB (  3.12%)

2025-04-05 21:14:18,672 - INFO - [INFO MSG] STACK:  332.92 KB /  512 KB ( 65.02%)

2025-04-05 21:14:18,672 - INFO - [INFO MSG] HEAP :  344.00 KB /  512 KB ( 67.19%)

2025-04-05 21:14:19,127 - INFO - [INFO MSG] STACK:  316.12 KB /  512 KB ( 61.74%)

2025-04-05 21:14:19,127 - INFO - [INFO MSG] HEAP :   16.00 KB /  512 KB (  3.12%)

2025-04-05 21:14:19,127 - INFO - [INFO MSG] STACK:  316.12 KB /  512 KB ( 61.74%)

2025-04-05 21:14:19,127 - INFO - [INFO MSG] HEAP :   16.00 KB /  512 KB (  3.12%)

2025-04-05 21:14:19,127 - INFO - [INFO MSG] STACK:  316.12 KB /  512 KB ( 61.74%)

2025-04-05 21:14:19,127 - INFO - [INFO MSG] HEAP :   16.00 KB /  512 KB (  3.12%)

2025-04-05 21:14:19,672 - INFO - [INFO MSG] STACK:  332.92 KB /  512 KB ( 65.02%)

2025-04-05 21:14:19,672 - INFO - [INFO MSG] HEAP :  344.00 KB /  512 KB ( 67.19%)

2025-04-05 21:14:20,127 - INFO - [INFO MSG] STACK:  316.12 KB /  512 KB ( 61.74%)

2025-04-05 21:14:20,127 - INFO - [INFO MSG] HEAP :   16.00 KB /  512 KB (  3.12%)

2025-04-05 21:14:20,127 - INFO - [INFO MSG] STACK:  316.12 KB /  512 KB ( 61.74%)

2025-04-05 21:14:20,127 - INFO - [INFO MSG] HEAP :   16.00 KB /  512 KB (  3.12%)

2025-04-05 21:14:20,128 - INFO - [INFO MSG] STACK:  316.12 KB /  512 KB ( 61.74%)

2025-04-05 21:14:20,128 - INFO - [INFO MSG] HEAP :   16.00 KB /  512 KB (  3.12%)

