2025-04-05 21:14:58,185 - INFO - Logger started.
2025-04-05 21:14:58,670 - INFO - [INFO MSG] STACK:  332.92 KB /  512 KB ( 65.02%)

2025-04-05 21:14:58,670 - INFO - [INFO MSG] HEAP :  344.00 KB /  512 KB ( 67.19%)

2025-04-05 21:14:59,124 - INFO - [INFO MSG] STACK:  316.12 KB /  512 KB ( 61.74%)

2025-04-05 21:14:59,124 - INFO - [INFO MSG] HEAP :   16.00 KB /  512 KB (  3.12%)

2025-04-05 21:14:59,125 - INFO - [INFO MSG] STACK:  316.12 KB /  512 KB ( 61.74%)

2025-04-05 21:14:59,125 - INFO - [INFO MSG] HEAP :   16.00 KB /  512 KB (  3.12%)

2025-04-05 21:14:59,125 - INFO - [INFO MSG] STACK:  316.12 KB /  512 KB ( 61.74%)

2025-04-05 21:14:59,125 - INFO - [INFO MSG] HEAP :   16.00 KB /  512 KB (  3.12%)

2025-04-05 21:14:59,670 - INFO - [INFO MSG] STACK:  332.92 KB /  512 KB ( 65.02%)

2025-04-05 21:14:59,670 - INFO - [INFO MSG] HEAP :  344.00 KB /  512 KB ( 67.19%)

2025-04-05 21:15:00,124 - INFO - [INFO MSG] STACK:  316.12 KB /  512 KB ( 61.74%)

2025-04-05 21:15:00,124 - INFO - [INFO MSG] HEAP :   16.00 KB /  512 KB (  3.12%)

2025-04-05 21:15:00,124 - INFO - [INFO MSG] STACK:  316.12 KB /  512 KB ( 61.74%)

2025-04-05 21:15:00,124 - INFO - [INFO MSG] HEAP :   16.00 KB /  512 KB (  3.12%)

2025-04-05 21:15:00,125 - INFO - [INFO MSG] STACK:  316.12 KB /  512 KB ( 61.74%)

2025-04-05 21:15:00,125 - INFO - [INFO MSG] HEAP :   16.00 KB /  512 KB (  3.12%)

2025-04-05 21:15:00,670 - INFO - [INFO MSG] STACK:  332.92 KB /  512 KB ( 65.02%)

2025-04-05 21:15:00,670 - INFO - [INFO MSG] HEAP :  344.00 KB /  512 KB ( 67.19%)

2025-04-05 21:15:01,125 - INFO - [INFO MSG] STACK:  316.12 KB /  512 KB ( 61.74%)

2025-04-05 21:15:01,125 - INFO - [INFO MSG] HEAP :   16.00 KB /  512 KB (  3.12%)

2025-04-05 21:15:01,125 - INFO - [INFO MSG] STACK:  316.12 KB /  512 KB ( 61.74%)

2025-04-05 21:15:01,125 - INFO - [INFO MSG] HEAP :   16.00 KB /  512 KB (  3.12%)

2025-04-05 21:15:01,125 - INFO - [INFO MSG] STACK:  316.12 KB /  512 KB ( 61.74%)

2025-04-05 21:15:01,125 - INFO - [INFO MSG] HEAP :   16.00 KB /  512 KB (  3.12%)

2025-04-05 21:15:01,669 - INFO - [INFO MSG] STACK:  332.92 KB /  512 KB ( 65.02%)

2025-04-05 21:15:01,669 - INFO - [INFO MSG] HEAP :  344.00 KB /  512 KB ( 67.19%)

2025-04-05 21:15:02,124 - INFO - [INFO MSG] STACK:  316.12 KB /  512 KB ( 61.74%)

2025-04-05 21:15:02,124 - INFO - [INFO MSG] HEAP :   16.00 KB /  512 KB (  3.12%)

2025-04-05 21:15:02,124 - INFO - [INFO MSG] STACK:  316.12 KB /  512 KB ( 61.74%)

2025-04-05 21:15:02,124 - INFO - [INFO MSG] HEAP :   16.00 KB /  512 KB (  3.12%)

2025-04-05 21:15:02,124 - INFO - [INFO MSG] STACK:  316.12 KB /  512 KB ( 61.74%)

2025-04-05 21:15:02,124 - INFO - [INFO MSG] HEAP :   16.00 KB /  512 KB (  3.12%)

2025-04-05 21:15:02,669 - INFO - [INFO MSG] STACK:  332.92 KB /  512 KB ( 65.02%)

2025-04-05 21:15:02,669 - INFO - [INFO MSG] HEAP :  344.00 KB /  512 KB ( 67.19%)

2025-04-05 21:15:03,124 - INFO - [INFO MSG] STACK:  316.12 KB /  512 KB ( 61.74%)

2025-04-05 21:15:03,124 - INFO - [INFO MSG] HEAP :   16.00 KB /  512 KB (  3.12%)

2025-04-05 21:15:03,125 - INFO - [INFO MSG] STACK:  316.12 KB /  512 KB ( 61.74%)

2025-04-05 21:15:03,125 - INFO - [INFO MSG] HEAP :   16.00 KB /  512 KB (  3.12%)

2025-04-05 21:15:03,125 - INFO - [INFO MSG] STACK:  316.12 KB /  512 KB ( 61.74%)

2025-04-05 21:15:03,125 - INFO - [INFO MSG] HEAP :   16.00 KB /  512 KB (  3.12%)

2025-04-05 21:15:03,670 - INFO - [INFO MSG] STACK:  332.92 KB /  512 KB ( 65.02%)

2025-04-05 21:15:03,670 - INFO - [INFO MSG] HEAP :  344.00 KB /  512 KB ( 67.19%)

2025-04-05 21:15:04,125 - INFO - [INFO MSG] STACK:  316.12 KB /  512 KB ( 61.74%)

2025-04-05 21:15:04,125 - INFO - [INFO MSG] HEAP :   16.00 KB /  512 KB (  3.12%)

2025-04-05 21:15:04,125 - INFO - [INFO MSG] STACK:  316.12 KB /  512 KB ( 61.74%)

2025-04-05 21:15:04,125 - INFO - [INFO MSG] HEAP :   16.00 KB /  512 KB (  3.12%)

2025-04-05 21:15:04,125 - INFO - [INFO MSG] STACK:  316.12 KB /  512 KB ( 61.74%)

2025-04-05 21:15:04,125 - INFO - [INFO MSG] HEAP :   16.00 KB /  512 KB (  3.12%)

2025-04-05 21:15:04,670 - INFO - [INFO MSG] STACK:  332.92 KB /  512 KB ( 65.02%)

2025-04-05 21:15:04,670 - INFO - [INFO MSG] HEAP :  344.00 KB /  512 KB ( 67.19%)

2025-04-05 21:15:05,124 - INFO - [INFO MSG] STACK:  316.12 KB /  512 KB ( 61.74%)

2025-04-05 21:15:05,124 - INFO - [INFO MSG] HEAP :   16.00 KB /  512 KB (  3.12%)

2025-04-05 21:15:05,124 - INFO - [INFO MSG] STACK:  316.12 KB /  512 KB ( 61.74%)

2025-04-05 21:15:05,124 - INFO - [INFO MSG] HEAP :   16.00 KB /  512 KB (  3.12%)

2025-04-05 21:15:05,125 - INFO - [INFO MSG] STACK:  316.12 KB /  512 KB ( 61.74%)

2025-04-05 21:15:05,125 - INFO - [INFO MSG] HEAP :   16.00 KB /  512 KB (  3.12%)

2025-04-05 21:15:05,669 - INFO - [INFO MSG] STACK:  332.92 KB /  512 KB ( 65.02%)

2025-04-05 21:15:05,669 - INFO - [INFO MSG] HEAP :  344.00 KB /  512 KB ( 67.19%)

2025-04-05 21:15:05,859 - INFO - [INFO MSG] AUTO: OFF

2025-04-05 21:15:06,124 - INFO - [INFO MSG] STACK:  316.12 KB /  512 KB ( 61.74%)

2025-04-05 21:15:06,124 - INFO - [INFO MSG] HEAP :   16.00 KB /  512 KB (  3.12%)

2025-04-05 21:15:06,124 - INFO - [INFO MSG] STACK:  316.12 KB /  512 KB ( 61.74%)

2025-04-05 21:15:06,124 - INFO - [INFO MSG] HEAP :   16.00 KB /  512 KB (  3.12%)

2025-04-05 21:15:06,124 - INFO - [INFO MSG] STACK:  316.12 KB /  512 KB ( 61.74%)

2025-04-05 21:15:06,124 - INFO - [INFO MSG] HEAP :   16.00 KB /  512 KB (  3.12%)

2025-04-05 21:15:06,667 - INFO - [INFO MSG] STACK:  332.92 KB /  512 KB ( 65.02%)

2025-04-05 21:15:06,667 - INFO - [INFO MSG] HEAP :  344.00 KB /  512 KB ( 67.19%)

2025-04-05 21:15:07,124 - INFO - [INFO MSG] STACK:  316.12 KB /  512 KB ( 61.74%)

2025-04-05 21:15:07,124 - INFO - [INFO MSG] HEAP :   16.00 KB /  512 KB (  3.12%)

2025-04-05 21:15:07,125 - INFO - [INFO MSG] STACK:  316.12 KB /  512 KB ( 61.74%)

2025-04-05 21:15:07,125 - INFO - [INFO MSG] HEAP :   16.00 KB /  512 KB (  3.12%)

2025-04-05 21:15:07,125 - INFO - [INFO MSG] STACK:  316.12 KB /  512 KB ( 61.74%)

2025-04-05 21:15:07,125 - INFO - [INFO MSG] HEAP :   16.00 KB /  512 KB (  3.12%)

2025-04-05 21:15:07,669 - INFO - [INFO MSG] STACK:  332.92 KB /  512 KB ( 65.02%)

2025-04-05 21:15:07,669 - INFO - [INFO MSG] HEAP :  344.00 KB /  512 KB ( 67.19%)

2025-04-05 21:15:08,124 - INFO - [INFO MSG] STACK:  316.12 KB /  512 KB ( 61.74%)

2025-04-05 21:15:08,124 - INFO - [INFO MSG] HEAP :   16.00 KB /  512 KB (  3.12%)

2025-04-05 21:15:08,124 - INFO - [INFO MSG] STACK:  316.12 KB /  512 KB ( 61.74%)

2025-04-05 21:15:08,124 - INFO - [INFO MSG] HEAP :   16.00 KB /  512 KB (  3.12%)

2025-04-05 21:15:08,124 - INFO - [INFO MSG] STACK:  316.12 KB /  512 KB ( 61.74%)

2025-04-05 21:15:08,124 - INFO - [INFO MSG] HEAP :   16.00 KB /  512 KB (  3.12%)

2025-04-05 21:15:08,669 - INFO - [INFO MSG] STACK:  332.92 KB /  512 KB ( 65.02%)

2025-04-05 21:15:08,669 - INFO - [INFO MSG] HEAP :  344.00 KB /  512 KB ( 67.19%)

2025-04-05 21:15:09,124 - INFO - [INFO MSG] STACK:  316.12 KB /  512 KB ( 61.74%)

2025-04-05 21:15:09,124 - INFO - [INFO MSG] HEAP :   16.00 KB /  512 KB (  3.12%)

2025-04-05 21:15:09,124 - INFO - [INFO MSG] STACK:  316.12 KB /  512 KB ( 61.74%)

2025-04-05 21:15:09,124 - INFO - [INFO MSG] HEAP :   16.00 KB /  512 KB (  3.12%)

2025-04-05 21:15:09,124 - INFO - [INFO MSG] STACK:  316.12 KB /  512 KB ( 61.74%)

2025-04-05 21:15:09,124 - INFO - [INFO MSG] HEAP :   16.00 KB /  512 KB (  3.12%)

2025-04-05 21:15:09,669 - INFO - [INFO MSG] STACK:  332.92 KB /  512 KB ( 65.02%)

2025-04-05 21:15:09,669 - INFO - [INFO MSG] HEAP :  344.00 KB /  512 KB ( 67.19%)

2025-04-05 21:15:10,124 - INFO - [INFO MSG] STACK:  316.12 KB /  512 KB ( 61.74%)

2025-04-05 21:15:10,124 - INFO - [INFO MSG] HEAP :   16.00 KB /  512 KB (  3.12%)

2025-04-05 21:15:10,124 - INFO - [INFO MSG] STACK:  316.12 KB /  512 KB ( 61.74%)

2025-04-05 21:15:10,124 - INFO - [INFO MSG] HEAP :   16.00 KB /  512 KB (  3.12%)

2025-04-05 21:15:10,125 - INFO - [INFO MSG] STACK:  316.12 KB /  512 KB ( 61.74%)

2025-04-05 21:15:10,125 - INFO - [INFO MSG] HEAP :   16.00 KB /  512 KB (  3.12%)

2025-04-05 21:15:10,669 - INFO - [INFO MSG] STACK:  332.92 KB /  512 KB ( 65.02%)

2025-04-05 21:15:10,669 - INFO - [INFO MSG] HEAP :  344.00 KB /  512 KB ( 67.19%)

2025-04-05 21:15:11,124 - INFO - [INFO MSG] STACK:  316.12 KB /  512 KB ( 61.74%)

2025-04-05 21:15:11,124 - INFO - [INFO MSG] HEAP :   16.00 KB /  512 KB (  3.12%)

2025-04-05 21:15:11,124 - INFO - [INFO MSG] STACK:  316.12 KB /  512 KB ( 61.74%)

2025-04-05 21:15:11,124 - INFO - [INFO MSG] HEAP :   16.00 KB /  512 KB (  3.12%)

2025-04-05 21:15:11,125 - INFO - [INFO MSG] STACK:  316.12 KB /  512 KB ( 61.74%)

2025-04-05 21:15:11,125 - INFO - [INFO MSG] HEAP :   16.00 KB /  512 KB (  3.12%)

2025-04-05 21:15:11,668 - INFO - [INFO MSG] STACK:  332.92 KB /  512 KB ( 65.02%)

2025-04-05 21:15:11,668 - INFO - [INFO MSG] HEAP :  344.00 KB /  512 KB ( 67.19%)

2025-04-05 21:15:12,124 - INFO - [INFO MSG] STACK:  316.12 KB /  512 KB ( 61.74%)

2025-04-05 21:15:12,124 - INFO - [INFO MSG] HEAP :   16.00 KB /  512 KB (  3.12%)

2025-04-05 21:15:12,124 - INFO - [INFO MSG] STACK:  316.12 KB /  512 KB ( 61.74%)

2025-04-05 21:15:12,124 - INFO - [INFO MSG] HEAP :   16.00 KB /  512 KB (  3.12%)

2025-04-05 21:15:12,124 - INFO - [INFO MSG] STACK:  316.12 KB /  512 KB ( 61.74%)

2025-04-05 21:15:12,124 - INFO - [INFO MSG] HEAP :   16.00 KB /  512 KB (  3.12%)

2025-04-05 21:15:12,668 - INFO - [INFO MSG] STACK:  332.92 KB /  512 KB ( 65.02%)

2025-04-05 21:15:12,668 - INFO - [INFO MSG] HEAP :  344.00 KB /  512 KB ( 67.19%)

2025-04-05 21:15:13,124 - INFO - [INFO MSG] STACK:  316.12 KB /  512 KB ( 61.74%)

2025-04-05 21:15:13,124 - INFO - [INFO MSG] HEAP :   16.00 KB /  512 KB (  3.12%)

2025-04-05 21:15:13,124 - INFO - [INFO MSG] STACK:  316.12 KB /  512 KB ( 61.74%)

2025-04-05 21:15:13,124 - INFO - [INFO MSG] HEAP :   16.00 KB /  512 KB (  3.12%)

2025-04-05 21:15:13,124 - INFO - [INFO MSG] STACK:  316.12 KB /  512 KB ( 61.74%)

2025-04-05 21:15:13,124 - INFO - [INFO MSG] HEAP :   16.00 KB /  512 KB (  3.12%)

2025-04-05 21:15:13,669 - INFO - [INFO MSG] STACK:  332.92 KB /  512 KB ( 65.02%)

2025-04-05 21:15:13,669 - INFO - [INFO MSG] HEAP :  344.00 KB /  512 KB ( 67.19%)

2025-04-05 21:15:14,124 - INFO - [INFO MSG] STACK:  316.12 KB /  512 KB ( 61.74%)

2025-04-05 21:15:14,124 - INFO - [INFO MSG] HEAP :   16.00 KB /  512 KB (  3.12%)

2025-04-05 21:15:14,124 - INFO - [INFO MSG] STACK:  316.12 KB /  512 KB ( 61.74%)

2025-04-05 21:15:14,124 - INFO - [INFO MSG] HEAP :   16.00 KB /  512 KB (  3.12%)

2025-04-05 21:15:14,124 - INFO - [INFO MSG] STACK:  316.12 KB /  512 KB ( 61.74%)

2025-04-05 21:15:14,124 - INFO - [INFO MSG] HEAP :   16.00 KB /  512 KB (  3.12%)

2025-04-05 21:15:14,668 - INFO - [INFO MSG] STACK:  332.92 KB /  512 KB ( 65.02%)

2025-04-05 21:15:14,668 - INFO - [INFO MSG] HEAP :  344.00 KB /  512 KB ( 67.19%)

2025-04-05 21:15:15,123 - INFO - [INFO MSG] STACK:  316.12 KB /  512 KB ( 61.74%)

2025-04-05 21:15:15,123 - INFO - [INFO MSG] HEAP :   16.00 KB /  512 KB (  3.12%)

2025-04-05 21:15:15,124 - INFO - [INFO MSG] STACK:  316.12 KB /  512 KB ( 61.74%)

2025-04-05 21:15:15,124 - INFO - [INFO MSG] HEAP :   16.00 KB /  512 KB (  3.12%)

2025-04-05 21:15:15,124 - INFO - [INFO MSG] STACK:  316.12 KB /  512 KB ( 61.74%)

2025-04-05 21:15:15,124 - INFO - [INFO MSG] HEAP :   16.00 KB /  512 KB (  3.12%)

2025-04-05 21:15:15,669 - INFO - [INFO MSG] STACK:  332.92 KB /  512 KB ( 65.02%)

2025-04-05 21:15:15,669 - INFO - [INFO MSG] HEAP :  344.00 KB /  512 KB ( 67.19%)

2025-04-05 21:15:16,123 - INFO - [INFO MSG] STACK:  316.12 KB /  512 KB ( 61.74%)

2025-04-05 21:15:16,123 - INFO - [INFO MSG] HEAP :   16.00 KB /  512 KB (  3.12%)

2025-04-05 21:15:16,123 - INFO - [INFO MSG] STACK:  316.12 KB /  512 KB ( 61.74%)

2025-04-05 21:15:16,123 - INFO - [INFO MSG] HEAP :   16.00 KB /  512 KB (  3.12%)

2025-04-05 21:15:16,124 - INFO - [INFO MSG] STACK:  316.12 KB /  512 KB ( 61.74%)

2025-04-05 21:15:16,124 - INFO - [INFO MSG] HEAP :   16.00 KB /  512 KB (  3.12%)

2025-04-05 21:15:16,668 - INFO - [INFO MSG] STACK:  332.92 KB /  512 KB ( 65.02%)

2025-04-05 21:15:16,668 - INFO - [INFO MSG] HEAP :  344.00 KB /  512 KB ( 67.19%)

2025-04-05 21:15:17,124 - INFO - [INFO MSG] STACK:  316.12 KB /  512 KB ( 61.74%)

2025-04-05 21:15:17,124 - INFO - [INFO MSG] HEAP :   16.00 KB /  512 KB (  3.12%)

2025-04-05 21:15:17,124 - INFO - [INFO MSG] STACK:  316.12 KB /  512 KB ( 61.74%)

2025-04-05 21:15:17,124 - INFO - [INFO MSG] HEAP :   16.00 KB /  512 KB (  3.12%)

2025-04-05 21:15:17,124 - INFO - [INFO MSG] STACK:  316.12 KB /  512 KB ( 61.74%)

2025-04-05 21:15:17,124 - INFO - [INFO MSG] HEAP :   16.00 KB /  512 KB (  3.12%)

2025-04-05 21:15:17,669 - INFO - [INFO MSG] STACK:  332.92 KB /  512 KB ( 65.02%)

2025-04-05 21:15:17,669 - INFO - [INFO MSG] HEAP :  344.00 KB /  512 KB ( 67.19%)

2025-04-05 21:15:18,123 - INFO - [INFO MSG] STACK:  316.12 KB /  512 KB ( 61.74%)

2025-04-05 21:15:18,123 - INFO - [INFO MSG] HEAP :   16.00 KB /  512 KB (  3.12%)

2025-04-05 21:15:18,123 - INFO - [INFO MSG] STACK:  316.12 KB /  512 KB ( 61.74%)

2025-04-05 21:15:18,123 - INFO - [INFO MSG] HEAP :   16.00 KB /  512 KB (  3.12%)

2025-04-05 21:15:18,124 - INFO - [INFO MSG] STACK:  316.12 KB /  512 KB ( 61.74%)

2025-04-05 21:15:18,124 - INFO - [INFO MSG] HEAP :   16.00 KB /  512 KB (  3.12%)

2025-04-05 21:15:18,669 - INFO - [INFO MSG] STACK:  332.92 KB /  512 KB ( 65.02%)

2025-04-05 21:15:18,669 - INFO - [INFO MSG] HEAP :  344.00 KB /  512 KB ( 67.19%)

2025-04-05 21:15:18,947 - INFO - [INFO MSG] AUTO: ON

2025-04-05 21:15:19,123 - INFO - [INFO MSG] STACK:  316.12 KB /  512 KB ( 61.74%)

2025-04-05 21:15:19,123 - INFO - [INFO MSG] HEAP :   16.00 KB /  512 KB (  3.12%)

2025-04-05 21:15:19,123 - INFO - [INFO MSG] STACK:  316.12 KB /  512 KB ( 61.74%)

2025-04-05 21:15:19,123 - INFO - [INFO MSG] HEAP :   16.00 KB /  512 KB (  3.12%)

2025-04-05 21:15:19,124 - INFO - [INFO MSG] STACK:  316.12 KB /  512 KB ( 61.74%)

2025-04-05 21:15:19,124 - INFO - [INFO MSG] HEAP :   16.00 KB /  512 KB (  3.12%)

2025-04-05 21:15:19,668 - INFO - [INFO MSG] STACK:  332.92 KB /  512 KB ( 65.02%)

2025-04-05 21:15:19,668 - INFO - [INFO MSG] HEAP :  344.00 KB /  512 KB ( 67.19%)

2025-04-05 21:15:20,123 - INFO - [INFO MSG] STACK:  316.12 KB /  512 KB ( 61.74%)

2025-04-05 21:15:20,123 - INFO - [INFO MSG] HEAP :   16.00 KB /  512 KB (  3.12%)

2025-04-05 21:15:20,124 - INFO - [INFO MSG] STACK:  316.12 KB /  512 KB ( 61.74%)

2025-04-05 21:15:20,124 - INFO - [INFO MSG] HEAP :   16.00 KB /  512 KB (  3.12%)

2025-04-05 21:15:20,124 - INFO - [INFO MSG] STACK:  316.12 KB /  512 KB ( 61.74%)

2025-04-05 21:15:20,124 - INFO - [INFO MSG] HEAP :   16.00 KB /  512 KB (  3.12%)

2025-04-05 21:15:20,669 - INFO - [INFO MSG] STACK:  332.92 KB /  512 KB ( 65.02%)

2025-04-05 21:15:20,669 - INFO - [INFO MSG] HEAP :  344.00 KB /  512 KB ( 67.19%)

2025-04-05 21:15:21,123 - INFO - [INFO MSG] STACK:  316.12 KB /  512 KB ( 61.74%)

2025-04-05 21:15:21,123 - INFO - [INFO MSG] HEAP :   16.00 KB /  512 KB (  3.12%)

2025-04-05 21:15:21,123 - INFO - [INFO MSG] STACK:  316.12 KB /  512 KB ( 61.74%)

2025-04-05 21:15:21,123 - INFO - [INFO MSG] HEAP :   16.00 KB /  512 KB (  3.12%)

2025-04-05 21:15:21,124 - INFO - [INFO MSG] STACK:  316.12 KB /  512 KB ( 61.74%)

2025-04-05 21:15:21,124 - INFO - [INFO MSG] HEAP :   16.00 KB /  512 KB (  3.12%)

2025-04-05 21:15:21,668 - INFO - [INFO MSG] STACK:  332.92 KB /  512 KB ( 65.02%)

2025-04-05 21:15:21,668 - INFO - [INFO MSG] HEAP :  344.00 KB /  512 KB ( 67.19%)

2025-04-05 21:15:22,122 - INFO - [INFO MSG] STACK:  316.12 KB /  512 KB ( 61.74%)

2025-04-05 21:15:22,122 - INFO - [INFO MSG] HEAP :   16.00 KB /  512 KB (  3.12%)

2025-04-05 21:15:22,123 - INFO - [INFO MSG] STACK:  316.12 KB /  512 KB ( 61.74%)

2025-04-05 21:15:22,123 - INFO - [INFO MSG] HEAP :   16.00 KB /  512 KB (  3.12%)

2025-04-05 21:15:22,123 - INFO - [INFO MSG] STACK:  316.12 KB /  512 KB ( 61.74%)

2025-04-05 21:15:22,123 - INFO - [INFO MSG] HEAP :   16.00 KB /  512 KB (  3.12%)

2025-04-05 21:15:22,668 - INFO - [INFO MSG] STACK:  332.92 KB /  512 KB ( 65.02%)

2025-04-05 21:15:22,668 - INFO - [INFO MSG] HEAP :  344.00 KB /  512 KB ( 67.19%)

2025-04-05 21:15:23,123 - INFO - [INFO MSG] STACK:  316.12 KB /  512 KB ( 61.74%)

2025-04-05 21:15:23,123 - INFO - [INFO MSG] HEAP :   16.00 KB /  512 KB (  3.12%)

2025-04-05 21:15:23,123 - INFO - [INFO MSG] STACK:  316.12 KB /  512 KB ( 61.74%)

2025-04-05 21:15:23,123 - INFO - [INFO MSG] HEAP :   16.00 KB /  512 KB (  3.12%)

2025-04-05 21:15:23,123 - INFO - [INFO MSG] STACK:  316.12 KB /  512 KB ( 61.74%)

2025-04-05 21:15:23,123 - INFO - [INFO MSG] HEAP :   16.00 KB /  512 KB (  3.12%)

2025-04-05 21:15:23,668 - INFO - [INFO MSG] STACK:  332.92 KB /  512 KB ( 65.02%)

2025-04-05 21:15:23,668 - INFO - [INFO MSG] HEAP :  344.00 KB /  512 KB ( 67.19%)

2025-04-05 21:15:24,122 - INFO - [INFO MSG] STACK:  316.12 KB /  512 KB ( 61.74%)

2025-04-05 21:15:24,122 - INFO - [INFO MSG] HEAP :   16.00 KB /  512 KB (  3.12%)

2025-04-05 21:15:24,123 - INFO - [INFO MSG] STACK:  316.12 KB /  512 KB ( 61.74%)

2025-04-05 21:15:24,123 - INFO - [INFO MSG] HEAP :   16.00 KB /  512 KB (  3.12%)

2025-04-05 21:15:24,123 - INFO - [INFO MSG] STACK:  316.12 KB /  512 KB ( 61.74%)

2025-04-05 21:15:24,123 - INFO - [INFO MSG] HEAP :   16.00 KB /  512 KB (  3.12%)

2025-04-05 21:15:24,668 - INFO - [INFO MSG] STACK:  332.92 KB /  512 KB ( 65.02%)

2025-04-05 21:15:24,668 - INFO - [INFO MSG] HEAP :  344.00 KB /  512 KB ( 67.19%)

2025-04-05 21:15:25,123 - INFO - [INFO MSG] STACK:  316.12 KB /  512 KB ( 61.74%)

2025-04-05 21:15:25,123 - INFO - [INFO MSG] HEAP :   16.00 KB /  512 KB (  3.12%)

2025-04-05 21:15:25,123 - INFO - [INFO MSG] STACK:  316.12 KB /  512 KB ( 61.74%)

2025-04-05 21:15:25,123 - INFO - [INFO MSG] HEAP :   16.00 KB /  512 KB (  3.12%)

2025-04-05 21:15:25,124 - INFO - [INFO MSG] STACK:  316.12 KB /  512 KB ( 61.74%)

2025-04-05 21:15:25,124 - INFO - [INFO MSG] HEAP :   16.00 KB /  512 KB (  3.12%)

2025-04-05 21:15:25,668 - INFO - [INFO MSG] STACK:  332.92 KB /  512 KB ( 65.02%)

2025-04-05 21:15:25,668 - INFO - [INFO MSG] HEAP :  344.00 KB /  512 KB ( 67.19%)

2025-04-05 21:15:26,123 - INFO - [INFO MSG] STACK:  316.12 KB /  512 KB ( 61.74%)

2025-04-05 21:15:26,123 - INFO - [INFO MSG] HEAP :   16.00 KB /  512 KB (  3.12%)

2025-04-05 21:15:26,123 - INFO - [INFO MSG] STACK:  316.12 KB /  512 KB ( 61.74%)

2025-04-05 21:15:26,123 - INFO - [INFO MSG] HEAP :   16.00 KB /  512 KB (  3.12%)

2025-04-05 21:15:26,124 - INFO - [INFO MSG] STACK:  316.12 KB /  512 KB ( 61.74%)

2025-04-05 21:15:26,124 - INFO - [INFO MSG] HEAP :   16.00 KB /  512 KB (  3.12%)

2025-04-05 21:15:26,668 - INFO - [INFO MSG] STACK:  332.92 KB /  512 KB ( 65.02%)

2025-04-05 21:15:26,668 - INFO - [INFO MSG] HEAP :  344.00 KB /  512 KB ( 67.19%)

2025-04-05 21:15:27,123 - INFO - [INFO MSG] STACK:  316.12 KB /  512 KB ( 61.74%)

2025-04-05 21:15:27,123 - INFO - [INFO MSG] HEAP :   16.00 KB /  512 KB (  3.12%)

2025-04-05 21:15:27,123 - INFO - [INFO MSG] STACK:  316.12 KB /  512 KB ( 61.74%)

2025-04-05 21:15:27,123 - INFO - [INFO MSG] HEAP :   16.00 KB /  512 KB (  3.12%)

2025-04-05 21:15:27,124 - INFO - [INFO MSG] STACK:  316.12 KB /  512 KB ( 61.74%)

2025-04-05 21:15:27,124 - INFO - [INFO MSG] HEAP :   16.00 KB /  512 KB (  3.12%)

2025-04-05 21:15:27,668 - INFO - [INFO MSG] STACK:  332.92 KB /  512 KB ( 65.02%)

2025-04-05 21:15:27,668 - INFO - [INFO MSG] HEAP :  344.00 KB /  512 KB ( 67.19%)

2025-04-05 21:15:28,122 - INFO - [INFO MSG] STACK:  316.12 KB /  512 KB ( 61.74%)

2025-04-05 21:15:28,122 - INFO - [INFO MSG] HEAP :   16.00 KB /  512 KB (  3.12%)

2025-04-05 21:15:28,122 - INFO - [INFO MSG] STACK:  316.12 KB /  512 KB ( 61.74%)

2025-04-05 21:15:28,122 - INFO - [INFO MSG] HEAP :   16.00 KB /  512 KB (  3.12%)

2025-04-05 21:15:28,123 - INFO - [INFO MSG] STACK:  316.12 KB /  512 KB ( 61.74%)

2025-04-05 21:15:28,123 - INFO - [INFO MSG] HEAP :   16.00 KB /  512 KB (  3.12%)

2025-04-05 21:15:28,667 - INFO - [INFO MSG] STACK:  332.92 KB /  512 KB ( 65.02%)

2025-04-05 21:15:28,667 - INFO - [INFO MSG] HEAP :  344.00 KB /  512 KB ( 67.19%)

2025-04-05 21:15:29,123 - INFO - [INFO MSG] STACK:  316.12 KB /  512 KB ( 61.74%)

2025-04-05 21:15:29,123 - INFO - [INFO MSG] HEAP :   16.00 KB /  512 KB (  3.12%)

2025-04-05 21:15:29,123 - INFO - [INFO MSG] STACK:  316.12 KB /  512 KB ( 61.74%)

2025-04-05 21:15:29,123 - INFO - [INFO MSG] HEAP :   16.00 KB /  512 KB (  3.12%)

2025-04-05 21:15:29,123 - INFO - [INFO MSG] STACK:  316.12 KB /  512 KB ( 61.74%)

2025-04-05 21:15:29,123 - INFO - [INFO MSG] HEAP :   16.00 KB /  512 KB (  3.12%)

2025-04-05 21:15:29,668 - INFO - [INFO MSG] STACK:  332.92 KB /  512 KB ( 65.02%)

2025-04-05 21:15:29,668 - INFO - [INFO MSG] HEAP :  344.00 KB /  512 KB ( 67.19%)

2025-04-05 21:15:30,122 - INFO - [INFO MSG] STACK:  316.12 KB /  512 KB ( 61.74%)

2025-04-05 21:15:30,122 - INFO - [INFO MSG] HEAP :   16.00 KB /  512 KB (  3.12%)

2025-04-05 21:15:30,123 - INFO - [INFO MSG] STACK:  316.12 KB /  512 KB ( 61.74%)

2025-04-05 21:15:30,123 - INFO - [INFO MSG] HEAP :   16.00 KB /  512 KB (  3.12%)

2025-04-05 21:15:30,123 - INFO - [INFO MSG] STACK:  316.12 KB /  512 KB ( 61.74%)

2025-04-05 21:15:30,123 - INFO - [INFO MSG] HEAP :   16.00 KB /  512 KB (  3.12%)

2025-04-05 21:15:30,668 - INFO - [INFO MSG] STACK:  332.92 KB /  512 KB ( 65.02%)

2025-04-05 21:15:30,668 - INFO - [INFO MSG] HEAP :  344.00 KB /  512 KB ( 67.19%)

2025-04-05 21:15:31,122 - INFO - [INFO MSG] STACK:  316.12 KB /  512 KB ( 61.74%)

2025-04-05 21:15:31,122 - INFO - [INFO MSG] HEAP :   16.00 KB /  512 KB (  3.12%)

2025-04-05 21:15:31,123 - INFO - [INFO MSG] STACK:  316.12 KB /  512 KB ( 61.74%)

2025-04-05 21:15:31,123 - INFO - [INFO MSG] HEAP :   16.00 KB /  512 KB (  3.12%)

2025-04-05 21:15:31,123 - INFO - [INFO MSG] STACK:  316.12 KB /  512 KB ( 61.74%)

2025-04-05 21:15:31,123 - INFO - [INFO MSG] HEAP :   16.00 KB /  512 KB (  3.12%)

2025-04-05 21:15:31,667 - INFO - [INFO MSG] STACK:  332.92 KB /  512 KB ( 65.02%)

2025-04-05 21:15:31,667 - INFO - [INFO MSG] HEAP :  344.00 KB /  512 KB ( 67.19%)

2025-04-05 21:15:32,122 - INFO - [INFO MSG] STACK:  316.12 KB /  512 KB ( 61.74%)

2025-04-05 21:15:32,122 - INFO - [INFO MSG] HEAP :   16.00 KB /  512 KB (  3.12%)

2025-04-05 21:15:32,123 - INFO - [INFO MSG] STACK:  316.12 KB /  512 KB ( 61.74%)

2025-04-05 21:15:32,123 - INFO - [INFO MSG] HEAP :   16.00 KB /  512 KB (  3.12%)

2025-04-05 21:15:32,123 - INFO - [INFO MSG] STACK:  316.12 KB /  512 KB ( 61.74%)

2025-04-05 21:15:32,123 - INFO - [INFO MSG] HEAP :   16.00 KB /  512 KB (  3.12%)

2025-04-05 21:15:32,667 - INFO - [INFO MSG] STACK:  332.92 KB /  512 KB ( 65.02%)

2025-04-05 21:15:32,667 - INFO - [INFO MSG] HEAP :  344.00 KB /  512 KB ( 67.19%)

2025-04-05 21:15:33,122 - INFO - [INFO MSG] STACK:  316.12 KB /  512 KB ( 61.74%)

2025-04-05 21:15:33,122 - INFO - [INFO MSG] HEAP :   16.00 KB /  512 KB (  3.12%)

2025-04-05 21:15:33,123 - INFO - [INFO MSG] STACK:  316.12 KB /  512 KB ( 61.74%)

2025-04-05 21:15:33,123 - INFO - [INFO MSG] HEAP :   16.00 KB /  512 KB (  3.12%)

2025-04-05 21:15:33,123 - INFO - [INFO MSG] STACK:  316.12 KB /  512 KB ( 61.74%)

2025-04-05 21:15:33,123 - INFO - [INFO MSG] HEAP :   16.00 KB /  512 KB (  3.12%)

2025-04-05 21:15:33,668 - INFO - [INFO MSG] STACK:  332.92 KB /  512 KB ( 65.02%)

2025-04-05 21:15:33,668 - INFO - [INFO MSG] HEAP :  344.00 KB /  512 KB ( 67.19%)

2025-04-05 21:15:34,123 - INFO - [INFO MSG] STACK:  316.12 KB /  512 KB ( 61.74%)

2025-04-05 21:15:34,123 - INFO - [INFO MSG] HEAP :   16.00 KB /  512 KB (  3.12%)

2025-04-05 21:15:34,123 - INFO - [INFO MSG] STACK:  316.12 KB /  512 KB ( 61.74%)

2025-04-05 21:15:34,123 - INFO - [INFO MSG] HEAP :   16.00 KB /  512 KB (  3.12%)

2025-04-05 21:15:34,123 - INFO - [INFO MSG] STACK:  316.12 KB /  512 KB ( 61.74%)

2025-04-05 21:15:34,123 - INFO - [INFO MSG] HEAP :   16.00 KB /  512 KB (  3.12%)

2025-04-05 21:15:34,667 - INFO - [INFO MSG] STACK:  332.92 KB /  512 KB ( 65.02%)

2025-04-05 21:15:34,667 - INFO - [INFO MSG] HEAP :  344.00 KB /  512 KB ( 67.19%)

2025-04-05 21:15:35,123 - INFO - [INFO MSG] STACK:  316.12 KB /  512 KB ( 61.74%)

2025-04-05 21:15:35,123 - INFO - [INFO MSG] HEAP :   16.00 KB /  512 KB (  3.12%)

2025-04-05 21:15:35,123 - INFO - [INFO MSG] STACK:  316.12 KB /  512 KB ( 61.74%)

2025-04-05 21:15:35,123 - INFO - [INFO MSG] HEAP :   16.00 KB /  512 KB (  3.12%)

2025-04-05 21:15:35,123 - INFO - [INFO MSG] STACK:  316.12 KB /  512 KB ( 61.74%)

2025-04-05 21:15:35,123 - INFO - [INFO MSG] HEAP :   16.00 KB /  512 KB (  3.12%)

2025-04-05 21:15:35,668 - INFO - [INFO MSG] STACK:  332.92 KB /  512 KB ( 65.02%)

2025-04-05 21:15:35,668 - INFO - [INFO MSG] HEAP :  344.00 KB /  512 KB ( 67.19%)

2025-04-05 21:15:36,123 - INFO - [INFO MSG] STACK:  316.12 KB /  512 KB ( 61.74%)

2025-04-05 21:15:36,123 - INFO - [INFO MSG] HEAP :   16.00 KB /  512 KB (  3.12%)

2025-04-05 21:15:36,123 - INFO - [INFO MSG] STACK:  316.12 KB /  512 KB ( 61.74%)

2025-04-05 21:15:36,123 - INFO - [INFO MSG] HEAP :   16.00 KB /  512 KB (  3.12%)

2025-04-05 21:15:36,123 - INFO - [INFO MSG] STACK:  316.12 KB /  512 KB ( 61.74%)

2025-04-05 21:15:36,123 - INFO - [INFO MSG] HEAP :   16.00 KB /  512 KB (  3.12%)

2025-04-05 21:15:36,667 - INFO - [INFO MSG] STACK:  332.92 KB /  512 KB ( 65.02%)

2025-04-05 21:15:36,667 - INFO - [INFO MSG] HEAP :  344.00 KB /  512 KB ( 67.19%)

2025-04-05 21:15:37,122 - INFO - [INFO MSG] STACK:  316.12 KB /  512 KB ( 61.74%)

2025-04-05 21:15:37,122 - INFO - [INFO MSG] HEAP :   16.00 KB /  512 KB (  3.12%)

2025-04-05 21:15:37,123 - INFO - [INFO MSG] STACK:  316.12 KB /  512 KB ( 61.74%)

2025-04-05 21:15:37,123 - INFO - [INFO MSG] HEAP :   16.00 KB /  512 KB (  3.12%)

2025-04-05 21:15:37,123 - INFO - [INFO MSG] STACK:  316.12 KB /  512 KB ( 61.74%)

2025-04-05 21:15:37,123 - INFO - [INFO MSG] HEAP :   16.00 KB /  512 KB (  3.12%)

2025-04-05 21:15:37,667 - INFO - [INFO MSG] STACK:  332.92 KB /  512 KB ( 65.02%)

2025-04-05 21:15:37,667 - INFO - [INFO MSG] HEAP :  344.00 KB /  512 KB ( 67.19%)

2025-04-05 21:15:38,122 - INFO - [INFO MSG] STACK:  316.12 KB /  512 KB ( 61.74%)

2025-04-05 21:15:38,122 - INFO - [INFO MSG] HEAP :   16.00 KB /  512 KB (  3.12%)

2025-04-05 21:15:38,122 - INFO - [INFO MSG] STACK:  316.12 KB /  512 KB ( 61.74%)

2025-04-05 21:15:38,122 - INFO - [INFO MSG] HEAP :   16.00 KB /  512 KB (  3.12%)

2025-04-05 21:15:38,122 - INFO - [INFO MSG] STACK:  316.12 KB /  512 KB ( 61.74%)

2025-04-05 21:15:38,122 - INFO - [INFO MSG] HEAP :   16.00 KB /  512 KB (  3.12%)

2025-04-05 21:15:38,667 - INFO - [INFO MSG] STACK:  332.92 KB /  512 KB ( 65.02%)

2025-04-05 21:15:38,667 - INFO - [INFO MSG] HEAP :  344.00 KB /  512 KB ( 67.19%)

2025-04-05 21:15:39,122 - INFO - [INFO MSG] STACK:  316.12 KB /  512 KB ( 61.74%)

2025-04-05 21:15:39,122 - INFO - [INFO MSG] HEAP :   16.00 KB /  512 KB (  3.12%)

2025-04-05 21:15:39,122 - INFO - [INFO MSG] STACK:  316.12 KB /  512 KB ( 61.74%)

2025-04-05 21:15:39,122 - INFO - [INFO MSG] HEAP :   16.00 KB /  512 KB (  3.12%)

2025-04-05 21:15:39,122 - INFO - [INFO MSG] STACK:  316.12 KB /  512 KB ( 61.74%)

2025-04-05 21:15:39,122 - INFO - [INFO MSG] HEAP :   16.00 KB /  512 KB (  3.12%)

2025-04-05 21:15:39,667 - INFO - [INFO MSG] STACK:  332.92 KB /  512 KB ( 65.02%)

2025-04-05 21:15:39,667 - INFO - [INFO MSG] HEAP :  344.00 KB /  512 KB ( 67.19%)

2025-04-05 21:15:40,122 - INFO - [INFO MSG] STACK:  316.12 KB /  512 KB ( 61.74%)

2025-04-05 21:15:40,122 - INFO - [INFO MSG] HEAP :   16.00 KB /  512 KB (  3.12%)

2025-04-05 21:15:40,122 - INFO - [INFO MSG] STACK:  316.12 KB /  512 KB ( 61.74%)

2025-04-05 21:15:40,122 - INFO - [INFO MSG] HEAP :   16.00 KB /  512 KB (  3.12%)

2025-04-05 21:15:40,123 - INFO - [INFO MSG] STACK:  316.12 KB /  512 KB ( 61.74%)

2025-04-05 21:15:40,123 - INFO - [INFO MSG] HEAP :   16.00 KB /  512 KB (  3.12%)

2025-04-05 21:15:40,667 - INFO - [INFO MSG] STACK:  332.92 KB /  512 KB ( 65.02%)

2025-04-05 21:15:40,667 - INFO - [INFO MSG] HEAP :  344.00 KB /  512 KB ( 67.19%)

2025-04-05 21:15:41,121 - INFO - [INFO MSG] STACK:  316.12 KB /  512 KB ( 61.74%)

2025-04-05 21:15:41,121 - INFO - [INFO MSG] HEAP :   16.00 KB /  512 KB (  3.12%)

2025-04-05 21:15:41,121 - INFO - [INFO MSG] STACK:  316.12 KB /  512 KB ( 61.74%)

2025-04-05 21:15:41,121 - INFO - [INFO MSG] HEAP :   16.00 KB /  512 KB (  3.12%)

2025-04-05 21:15:41,122 - INFO - [INFO MSG] STACK:  316.12 KB /  512 KB ( 61.74%)

2025-04-05 21:15:41,122 - INFO - [INFO MSG] HEAP :   16.00 KB /  512 KB (  3.12%)

2025-04-05 21:15:41,666 - INFO - [INFO MSG] STACK:  332.92 KB /  512 KB ( 65.02%)

2025-04-05 21:15:41,666 - INFO - [INFO MSG] HEAP :  344.00 KB /  512 KB ( 67.19%)

2025-04-05 21:15:42,121 - INFO - [INFO MSG] STACK:  316.12 KB /  512 KB ( 61.74%)

2025-04-05 21:15:42,121 - INFO - [INFO MSG] HEAP :   16.00 KB /  512 KB (  3.12%)

2025-04-05 21:15:42,121 - INFO - [INFO MSG] STACK:  316.12 KB /  512 KB ( 61.74%)

2025-04-05 21:15:42,122 - INFO - [INFO MSG] HEAP :   16.00 KB /  512 KB (  3.12%)

2025-04-05 21:15:42,123 - INFO - [INFO MSG] STACK:  316.12 KB /  512 KB ( 61.74%)

2025-04-05 21:15:42,123 - INFO - [INFO MSG] HEAP :   16.00 KB /  512 KB (  3.12%)

2025-04-05 21:15:42,667 - INFO - [INFO MSG] STACK:  332.92 KB /  512 KB ( 65.02%)

2025-04-05 21:15:42,667 - INFO - [INFO MSG] HEAP :  344.00 KB /  512 KB ( 67.19%)

2025-04-05 21:15:43,122 - INFO - [INFO MSG] STACK:  316.12 KB /  512 KB ( 61.74%)

2025-04-05 21:15:43,122 - INFO - [INFO MSG] HEAP :   16.00 KB /  512 KB (  3.12%)

2025-04-05 21:15:43,122 - INFO - [INFO MSG] STACK:  316.12 KB /  512 KB ( 61.74%)

2025-04-05 21:15:43,122 - INFO - [INFO MSG] HEAP :   16.00 KB /  512 KB (  3.12%)

2025-04-05 21:15:43,122 - INFO - [INFO MSG] STACK:  316.12 KB /  512 KB ( 61.74%)

2025-04-05 21:15:43,122 - INFO - [INFO MSG] HEAP :   16.00 KB /  512 KB (  3.12%)

2025-04-05 21:15:43,667 - INFO - [INFO MSG] STACK:  332.92 KB /  512 KB ( 65.02%)

2025-04-05 21:15:43,667 - INFO - [INFO MSG] HEAP :  344.00 KB /  512 KB ( 67.19%)

2025-04-05 21:15:43,916 - INFO - [INFO MSG] AUTO: OFF

2025-04-05 21:15:44,122 - INFO - [INFO MSG] STACK:  316.12 KB /  512 KB ( 61.74%)

2025-04-05 21:15:44,122 - INFO - [INFO MSG] HEAP :   16.00 KB /  512 KB (  3.12%)

2025-04-05 21:15:44,122 - INFO - [INFO MSG] STACK:  316.12 KB /  512 KB ( 61.74%)

2025-04-05 21:15:44,122 - INFO - [INFO MSG] HEAP :   16.00 KB /  512 KB (  3.12%)

2025-04-05 21:15:44,123 - INFO - [INFO MSG] STACK:  316.12 KB /  512 KB ( 61.74%)

2025-04-05 21:15:44,123 - INFO - [INFO MSG] HEAP :   16.00 KB /  512 KB (  3.12%)

2025-04-05 21:15:44,667 - INFO - [INFO MSG] STACK:  332.92 KB /  512 KB ( 65.02%)

2025-04-05 21:15:44,667 - INFO - [INFO MSG] HEAP :  344.00 KB /  512 KB ( 67.19%)

2025-04-05 21:15:45,122 - INFO - [INFO MSG] STACK:  316.12 KB /  512 KB ( 61.74%)

2025-04-05 21:15:45,122 - INFO - [INFO MSG] HEAP :   16.00 KB /  512 KB (  3.12%)

2025-04-05 21:15:45,122 - INFO - [INFO MSG] STACK:  316.12 KB /  512 KB ( 61.74%)

2025-04-05 21:15:45,122 - INFO - [INFO MSG] HEAP :   16.00 KB /  512 KB (  3.12%)

2025-04-05 21:15:45,122 - INFO - [INFO MSG] STACK:  316.12 KB /  512 KB ( 61.74%)

2025-04-05 21:15:45,122 - INFO - [INFO MSG] HEAP :   16.00 KB /  512 KB (  3.12%)

2025-04-05 21:15:45,667 - INFO - [INFO MSG] STACK:  332.92 KB /  512 KB ( 65.02%)

2025-04-05 21:15:45,667 - INFO - [INFO MSG] HEAP :  344.00 KB /  512 KB ( 67.19%)

2025-04-05 21:15:46,122 - INFO - [INFO MSG] STACK:  316.12 KB /  512 KB ( 61.74%)

2025-04-05 21:15:46,122 - INFO - [INFO MSG] HEAP :   16.00 KB /  512 KB (  3.12%)

2025-04-05 21:15:46,122 - INFO - [INFO MSG] STACK:  316.12 KB /  512 KB ( 61.74%)

2025-04-05 21:15:46,122 - INFO - [INFO MSG] HEAP :   16.00 KB /  512 KB (  3.12%)

2025-04-05 21:15:46,122 - INFO - [INFO MSG] STACK:  316.12 KB /  512 KB ( 61.74%)

2025-04-05 21:15:46,122 - INFO - [INFO MSG] HEAP :   16.00 KB /  512 KB (  3.12%)

2025-04-05 21:15:46,666 - INFO - [INFO MSG] STACK:  332.92 KB /  512 KB ( 65.02%)

2025-04-05 21:15:46,666 - INFO - [INFO MSG] HEAP :  344.00 KB /  512 KB ( 67.19%)

2025-04-05 21:15:47,121 - INFO - [INFO MSG] STACK:  316.12 KB /  512 KB ( 61.74%)

2025-04-05 21:15:47,121 - INFO - [INFO MSG] HEAP :   16.00 KB /  512 KB (  3.12%)

2025-04-05 21:15:47,121 - INFO - [INFO MSG] STACK:  316.12 KB /  512 KB ( 61.74%)

2025-04-05 21:15:47,121 - INFO - [INFO MSG] HEAP :   16.00 KB /  512 KB (  3.12%)

2025-04-05 21:15:47,122 - INFO - [INFO MSG] STACK:  316.12 KB /  512 KB ( 61.74%)

2025-04-05 21:15:47,122 - INFO - [INFO MSG] HEAP :   16.00 KB /  512 KB (  3.12%)

2025-04-05 21:15:47,667 - INFO - [INFO MSG] STACK:  332.92 KB /  512 KB ( 65.02%)

2025-04-05 21:15:47,667 - INFO - [INFO MSG] HEAP :  344.00 KB /  512 KB ( 67.19%)

2025-04-05 21:15:48,121 - INFO - [INFO MSG] STACK:  316.12 KB /  512 KB ( 61.74%)

2025-04-05 21:15:48,121 - INFO - [INFO MSG] HEAP :   16.00 KB /  512 KB (  3.12%)

2025-04-05 21:15:48,121 - INFO - [INFO MSG] STACK:  316.12 KB /  512 KB ( 61.74%)

2025-04-05 21:15:48,121 - INFO - [INFO MSG] HEAP :   16.00 KB /  512 KB (  3.12%)

2025-04-05 21:15:48,123 - INFO - [INFO MSG] STACK:  316.12 KB /  512 KB ( 61.74%)

2025-04-05 21:15:48,123 - INFO - [INFO MSG] HEAP :   16.00 KB /  512 KB (  3.12%)

2025-04-05 21:15:48,666 - INFO - [INFO MSG] STACK:  332.92 KB /  512 KB ( 65.02%)

2025-04-05 21:15:48,666 - INFO - [INFO MSG] HEAP :  344.00 KB /  512 KB ( 67.19%)

