2025-04-29 14:10:33,843 - INFO - Logger started.
2025-04-29 14:10:33,864 - INFO - [INFO MSG] No CrashReport

2025-04-29 14:10:33,864 - INFO - [INFO MSG] Waiting for all devices to connect...

2025-04-29 14:10:35,350 - INFO - [INFO MSG] All devices assigned.

2025-04-29 14:10:35,350 - INFO - [INFO MSG] teensy1 SN: 15724840

2025-04-29 14:10:35,350 - INFO - [INFO MSG] teensy2 SN: 17015970

2025-04-29 14:10:35,350 - INFO - [INFO MSG] teensy3 SN: 17016690

2025-04-29 14:10:35,350 - INFO - [INFO MSG] USB Host Startup Time: 40.41 seconds

2025-04-29 14:10:35,350 - INFO - [INFO MSG] <SYSID : 4 Ready>

2025-04-29 14:10:35,350 - INFO - [INFO MSG] No CrashReport

2025-04-29 14:10:35,350 - INFO - [INFO MSG] <sysID : 3 | Serial Number : 17016690 | AxisL : 5| AxisR : 6>

2025-04-29 14:10:35,350 - INFO - [INFO MSG] No CrashReport

2025-04-29 14:10:35,350 - INFO - [INFO MSG] <sysID : 1 | Serial Number : 15724840 | AxisL : 1| AxisR : 2>

2025-04-29 14:10:35,350 - INFO - [INFO MSG] No CrashReport

2025-04-29 14:10:35,350 - INFO - [INFO MSG] <sysID : 2 | Serial Number : 17015970 | AxisL : 3| AxisR : 4>

2025-04-29 14:10:54,798 - INFO - [INFO MSG] angle1:2.141794

2025-04-29 14:10:54,798 - INFO - [INFO MSG] angle2:1.489471

2025-04-29 14:10:54,798 - INFO - [INFO MSG] offset:1.815633

2025-04-29 14:10:54,798 - INFO - [INFO MSG] angle1:-2.162776

2025-04-29 14:10:54,798 - INFO - [INFO MSG] angle2:-1.519989

2025-04-29 14:10:54,798 - INFO - [INFO MSG] offset:-1.841383

2025-04-29 14:10:54,798 - INFO - [INFO MSG] angle1:2.292096

2025-04-29 14:10:54,798 - INFO - [INFO MSG] angle2:1.652361

2025-04-29 14:10:54,798 - INFO - [INFO MSG] offset:1.972229

2025-04-29 14:10:54,798 - INFO - [INFO MSG] angle1:-1.678302

2025-04-29 14:10:54,798 - INFO - [INFO MSG] angle2:-1.004616

2025-04-29 14:10:54,798 - INFO - [INFO MSG] offset:-1.341459

2025-04-29 14:10:54,798 - INFO - [INFO MSG] angle1:2.125391

2025-04-29 14:10:54,798 - INFO - [INFO MSG] angle2:1.470016

2025-04-29 14:10:54,798 - INFO - [INFO MSG] offset:1.797704

2025-04-29 14:10:54,798 - INFO - [INFO MSG] angle1:-1.688983

2025-04-29 14:10:54,798 - INFO - [INFO MSG] angle2:-1.053063

2025-04-29 14:10:54,798 - INFO - [INFO MSG] offset:-1.371023

